ID,Program,Arguments,Runtime
The magic number is 168070

Pid: 91741 (LocalID: 1);Time: 10011 ms;Arguments: ../progs-TP23_24/void 10
-----

The magic number is 168070

Pid: 91744 (LocalID: 2);Time: 10008 ms;Arguments: ../progs-TP23_24/void 10
-----

The magic number is 168070

Pid: 91747 (LocalID: 3);Time: 10008 ms;Arguments: ../progs-TP23_24/void 10
-----

The magic number is 168070

Pid: 91769 (LocalID: 4);Time: 10011 ms;Arguments: ../progs-TP23_24/void 10
-----

The magic number is 168070

Pid: 91771 (LocalID: 5);Time: 10008 ms;Arguments: ../progs-TP23_24/void 10
-----

The magic number is 168070

Pid: 91773 (LocalID: 6);Time: 10009 ms;Arguments: ../progs-TP23_24/void 10
-----

The magic number is 168070

Pid: 91780 (LocalID: 7);Time: 10013 ms;Arguments: ../progs-TP23_24/void 10
-----

The magic number is 168070

Pid: 91782 (LocalID: 8);Time: 10010 ms;Arguments: ../progs-TP23_24/void 10
-----

The magic number is 168070

Pid: 91784 (LocalID: 9);Time: 10011 ms;Arguments: ../progs-TP23_24/void 10
-----

The magic number is 168070

Pid: 91791 (LocalID: 10);Time: 10011 ms;Arguments: ../progs-TP23_24/void 10
-----

The magic number is 168070

Pid: 91793 (LocalID: 11);Time: 10008 ms;Arguments: ../progs-TP23_24/void 10
-----

The magic number is 168070

Pid: 91795 (LocalID: 12);Time: 10010 ms;Arguments: ../progs-TP23_24/void 10
-----

The magic number is 168070

Pid: 91801 (LocalID: 13);Time: 10016 ms;Arguments: ../progs-TP23_24/void 10
-----

The magic number is 168070

Pid: 91803 (LocalID: 14);Time: 10011 ms;Arguments: ../progs-TP23_24/void 10
-----

The magic number is 168070

Pid: 91806 (LocalID: 15);Time: 10012 ms;Arguments: ../progs-TP23_24/void 10
-----

The magic number is 168070

Pid: 91812 (LocalID: 16);Time: 10011 ms;Arguments: ../progs-TP23_24/void 10
-----

The magic number is 168070

Pid: 91814 (LocalID: 17);Time: 10010 ms;Arguments: ../progs-TP23_24/void 10
-----

The magic number is 168070

Pid: 91816 (LocalID: 18);Time: 10010 ms;Arguments: ../progs-TP23_24/void 10
-----

The magic number is 168070

Pid: 91825 (LocalID: 19);Time: 10006 ms;Arguments: ../progs-TP23_24/void 10clear
-----

